.next/types/validator.ts(42,39): error TS2307: Cannot find module '../../app/components/Shared/Benefits/page.js' or its corresponding type declarations.
.next/types/validator.ts(51,39): error TS2307: Cannot find module '../../app/components/Shared/Features/page.js' or its corresponding type declarations.
.next/types/validator.ts(69,39): error TS2307: Cannot find module '../../app/components/Shared/Logocloud/page.js' or its corresponding type declarations.
.next/types/validator.ts(87,39): error TS2307: Cannot find module '../../app/components/Shared/Pricing/page.js' or its corresponding type declarations.
