.next/dev/types/validator.ts(43,31): error TS2344: Type 'typeof import("C:/Users/Sagar/OneDrive/Desktop/agency/app/components/Shared/Benefits/page")' does not satisfy the constraint 'AppPageConfig<"/components/Shared/Benefits">'.
  Property 'default' is missing in type 'typeof import("C:/Users/Sagar/OneDrive/Desktop/agency/app/components/Shared/Benefits/page")' but required in type 'AppPageConfig<"/components/Shared/Benefits">'.
.next/dev/types/validator.ts(70,31): error TS2344: Type 'typeof import("C:/Users/Sagar/OneDrive/Desktop/agency/app/components/Shared/Logocloud/page")' does not satisfy the constraint 'AppPageConfig<"/components/Shared/Logocloud">'.
  Property 'default' is missing in type 'typeof import("C:/Users/Sagar/OneDrive/Desktop/agency/app/components/Shared/Logocloud/page")' but required in type 'AppPageConfig<"/components/Shared/Logocloud">'.
.next/dev/types/validator.ts(88,31): error TS2344: Type 'typeof import("C:/Users/Sagar/OneDrive/Desktop/agency/app/components/Shared/Pricing/page")' does not satisfy the constraint 'AppPageConfig<"/components/Shared/Pricing">'.
  Property 'default' is missing in type 'typeof import("C:/Users/Sagar/OneDrive/Desktop/agency/app/components/Shared/Pricing/page")' but required in type 'AppPageConfig<"/components/Shared/Pricing">'.
.next/types/validator.ts(43,31): error TS2344: Type 'typeof import("C:/Users/Sagar/OneDrive/Desktop/agency/app/components/Shared/Benefits/page")' does not satisfy the constraint 'AppPageConfig<"/components/Shared/Benefits">'.
  Property 'default' is missing in type 'typeof import("C:/Users/Sagar/OneDrive/Desktop/agency/app/components/Shared/Benefits/page")' but required in type 'AppPageConfig<"/components/Shared/Benefits">'.
.next/types/validator.ts(70,31): error TS2344: Type 'typeof import("C:/Users/Sagar/OneDrive/Desktop/agency/app/components/Shared/Logocloud/page")' does not satisfy the constraint 'AppPageConfig<"/components/Shared/Logocloud">'.
  Property 'default' is missing in type 'typeof import("C:/Users/Sagar/OneDrive/Desktop/agency/app/components/Shared/Logocloud/page")' but required in type 'AppPageConfig<"/components/Shared/Logocloud">'.
.next/types/validator.ts(88,31): error TS2344: Type 'typeof import("C:/Users/Sagar/OneDrive/Desktop/agency/app/components/Shared/Pricing/page")' does not satisfy the constraint 'AppPageConfig<"/components/Shared/Pricing">'.
  Property 'default' is missing in type 'typeof import("C:/Users/Sagar/OneDrive/Desktop/agency/app/components/Shared/Pricing/page")' but required in type 'AppPageConfig<"/components/Shared/Pricing">'.
